[0627/101244.986:ERROR:process_reader_win.cc(151)] SuspendThread: Access is denied. (0x5)
[0627/101244.994:ERROR:process_reader_win.cc(151)] SuspendThread: Access is denied. (0x5)
[0627/101244.994:ERROR:process_reader_win.cc(151)] SuspendThread: Access is denied. (0x5)
[0627/101244.994:ERROR:process_reader_win.cc(151)] SuspendThread: Access is denied. (0x5)
[0627/101244.994:ERROR:process_reader_win.cc(151)] SuspendThread: Access is denied. (0x5)
[0627/101244.994:ERROR:process_reader_win.cc(151)] SuspendThread: Access is denied. (0x5)
[0627/101244.994:ERROR:process_reader_win.cc(151)] SuspendThread: Access is denied. (0x5)
[0627/101244.994:ERROR:process_reader_win.cc(151)] SuspendThread: Access is denied. (0x5)
[0627/101244.994:ERROR:process_reader_win.cc(151)] SuspendThread: Access is denied. (0x5)
[0627/101244.994:ERROR:process_reader_win.cc(151)] SuspendThread: Access is denied. (0x5)
[0627/101244.994:ERROR:process_reader_win.cc(151)] SuspendThread: Access is denied. (0x5)
[0627/101244.994:ERROR:process_reader_win.cc(151)] SuspendThread: Access is denied. (0x5)
[0627/101244.994:ERROR:process_reader_win.cc(151)] SuspendThread: Access is denied. (0x5)
[0627/101244.994:ERROR:process_reader_win.cc(151)] SuspendThread: Access is denied. (0x5)
[0627/101244.994:ERROR:process_reader_win.cc(151)] SuspendThread: Access is denied. (0x5)
[0627/101244.994:ERROR:process_reader_win.cc(151)] SuspendThread: Access is denied. (0x5)
[0627/101244.994:ERROR:process_reader_win.cc(123)] NtOpenThread: {Access Denied} A process has requested access to an object, but has not been granted those access rights. (0xc0000022)
[0627/101244.994:ERROR:exception_snapshot_win.cc(98)] thread ID 18680 not found in process
[0627/101245.026:ERROR:process_reader_win.cc(151)] SuspendThread: Access is denied. (0x5)
[0627/101245.026:ERROR:process_reader_win.cc(151)] SuspendThread: Access is denied. (0x5)
[0627/101245.026:ERROR:process_reader_win.cc(151)] SuspendThread: Access is denied. (0x5)
[0627/101245.026:ERROR:process_reader_win.cc(151)] SuspendThread: Access is denied. (0x5)
[0627/101245.026:ERROR:process_reader_win.cc(151)] SuspendThread: Access is denied. (0x5)
[0627/101245.026:ERROR:process_reader_win.cc(151)] SuspendThread: Access is denied. (0x5)
[0627/101245.026:ERROR:process_reader_win.cc(151)] SuspendThread: Access is denied. (0x5)
[0627/101245.026:ERROR:process_reader_win.cc(151)] SuspendThread: Access is denied. (0x5)
[0627/101245.026:ERROR:process_reader_win.cc(151)] SuspendThread: Access is denied. (0x5)
[0627/101245.026:ERROR:process_reader_win.cc(151)] SuspendThread: Access is denied. (0x5)
[0627/101245.026:ERROR:process_reader_win.cc(151)] SuspendThread: Access is denied. (0x5)
[0627/101245.026:ERROR:process_reader_win.cc(151)] SuspendThread: Access is denied. (0x5)
[0627/101245.026:ERROR:process_reader_win.cc(151)] SuspendThread: Access is denied. (0x5)
[0627/101245.026:ERROR:process_reader_win.cc(123)] NtOpenThread: {Access Denied} A process has requested access to an object, but has not been granted those access rights. (0xc0000022)
[0627/101245.026:ERROR:exception_snapshot_win.cc(98)] thread ID 20256 not found in process
[0627/101245.042:ERROR:process_reader_win.cc(151)] SuspendThread: Access is denied. (0x5)
[0627/101245.042:ERROR:process_reader_win.cc(151)] SuspendThread: Access is denied. (0x5)
[0627/101245.042:ERROR:process_reader_win.cc(151)] SuspendThread: Access is denied. (0x5)
[0627/101245.042:ERROR:process_reader_win.cc(151)] SuspendThread: Access is denied. (0x5)
[0627/101245.042:ERROR:process_reader_win.cc(151)] SuspendThread: Access is denied. (0x5)
[0627/101245.042:ERROR:process_reader_win.cc(151)] SuspendThread: Access is denied. (0x5)
[0627/101245.042:ERROR:process_reader_win.cc(151)] SuspendThread: Access is denied. (0x5)
[0627/101245.042:ERROR:process_reader_win.cc(151)] SuspendThread: Access is denied. (0x5)
[0627/101245.042:ERROR:process_reader_win.cc(151)] SuspendThread: Access is denied. (0x5)
[0627/101245.042:ERROR:process_reader_win.cc(151)] SuspendThread: Access is denied. (0x5)
[0627/101245.042:ERROR:process_reader_win.cc(151)] SuspendThread: Access is denied. (0x5)
[0627/101245.042:ERROR:process_reader_win.cc(151)] SuspendThread: Access is denied. (0x5)
[0627/101245.042:ERROR:process_reader_win.cc(151)] SuspendThread: Access is denied. (0x5)
[0627/101245.042:ERROR:process_reader_win.cc(123)] NtOpenThread: {Access Denied} A process has requested access to an object, but has not been granted those access rights. (0xc0000022)
[0627/101245.042:ERROR:exception_snapshot_win.cc(98)] thread ID 20660 not found in process
[0627/101245.042:ERROR:process_reader_win.cc(151)] SuspendThread: Access is denied. (0x5)
[0627/101245.042:ERROR:process_reader_win.cc(151)] SuspendThread: Access is denied. (0x5)
[0627/101245.042:ERROR:process_reader_win.cc(151)] SuspendThread: Access is denied. (0x5)
[0627/101245.042:ERROR:process_reader_win.cc(151)] SuspendThread: Access is denied. (0x5)
[0627/101245.042:ERROR:process_reader_win.cc(151)] SuspendThread: Access is denied. (0x5)
[0627/101245.042:ERROR:process_reader_win.cc(151)] SuspendThread: Access is denied. (0x5)
[0627/101245.042:ERROR:process_reader_win.cc(151)] SuspendThread: Access is denied. (0x5)
[0627/101245.042:ERROR:process_reader_win.cc(151)] SuspendThread: Access is denied. (0x5)
[0627/101245.042:ERROR:process_reader_win.cc(151)] SuspendThread: Access is denied. (0x5)
[0627/101245.042:ERROR:process_reader_win.cc(151)] SuspendThread: Access is denied. (0x5)
[0627/101245.042:ERROR:process_reader_win.cc(151)] SuspendThread: Access is denied. (0x5)
[0627/101245.042:ERROR:process_reader_win.cc(151)] SuspendThread: Access is denied. (0x5)
[0627/101245.042:ERROR:process_reader_win.cc(123)] NtOpenThread: {Access Denied} A process has requested access to an object, but has not been granted those access rights. (0xc0000022)
[0627/101245.042:ERROR:exception_snapshot_win.cc(98)] thread ID 5352 not found in process
[0627/101245.066:ERROR:process_reader_win.cc(151)] SuspendThread: Access is denied. (0x5)
[0627/101245.066:ERROR:process_reader_win.cc(151)] SuspendThread: Access is denied. (0x5)
[0627/101245.066:ERROR:process_reader_win.cc(151)] SuspendThread: Access is denied. (0x5)
[0627/101245.090:ERROR:process_reader_win.cc(151)] SuspendThread: Access is denied. (0x5)
[0627/101245.090:ERROR:process_reader_win.cc(151)] SuspendThread: Access is denied. (0x5)
[0627/101245.090:ERROR:process_reader_win.cc(151)] SuspendThread: Access is denied. (0x5)
[0627/101245.090:ERROR:process_reader_win.cc(151)] SuspendThread: Access is denied. (0x5)
[0627/101245.090:ERROR:process_reader_win.cc(151)] SuspendThread: Access is denied. (0x5)
[0627/101245.090:ERROR:process_reader_win.cc(151)] SuspendThread: Access is denied. (0x5)
[0627/101245.090:ERROR:process_reader_win.cc(151)] SuspendThread: Access is denied. (0x5)
[0627/101245.090:ERROR:process_reader_win.cc(151)] SuspendThread: Access is denied. (0x5)
[0627/101245.090:ERROR:process_reader_win.cc(151)] SuspendThread: Access is denied. (0x5)
[0627/101245.090:ERROR:process_reader_win.cc(151)] SuspendThread: Access is denied. (0x5)
[0627/101245.090:ERROR:process_reader_win.cc(151)] SuspendThread: Access is denied. (0x5)
[0627/101245.090:ERROR:process_reader_win.cc(151)] SuspendThread: Access is denied. (0x5)
[0627/101245.090:ERROR:process_reader_win.cc(151)] SuspendThread: Access is denied. (0x5)
[0627/101245.090:ERROR:process_reader_win.cc(151)] SuspendThread: Access is denied. (0x5)
[0627/101245.090:ERROR:process_reader_win.cc(123)] NtOpenThread: {Access Denied} A process has requested access to an object, but has not been granted those access rights. (0xc0000022)
[0627/101245.090:ERROR:exception_snapshot_win.cc(98)] thread ID 3420 not found in process
[0627/101245.066:ERROR:process_reader_win.cc(151)] SuspendThread: Access is denied. (0x5)
[0627/101245.090:ERROR:process_reader_win.cc(151)] SuspendThread: Access is denied. (0x5)
[0627/101245.090:ERROR:process_reader_win.cc(151)] SuspendThread: Access is denied. (0x5)
[0627/101245.090:ERROR:process_reader_win.cc(151)] SuspendThread: Access is denied. (0x5)
[0627/101245.090:ERROR:process_reader_win.cc(151)] SuspendThread: Access is denied. (0x5)
[0627/101245.090:ERROR:process_reader_win.cc(151)] SuspendThread: Access is denied. (0x5)
[0627/101245.090:ERROR:process_reader_win.cc(151)] SuspendThread: Access is denied. (0x5)
[0627/101245.090:ERROR:process_reader_win.cc(151)] SuspendThread: Access is denied. (0x5)
[0627/101245.090:ERROR:process_reader_win.cc(151)] SuspendThread: Access is denied. (0x5)
[0627/101245.090:ERROR:process_reader_win.cc(151)] SuspendThread: Access is denied. (0x5)
[0627/101245.090:ERROR:process_reader_win.cc(151)] SuspendThread: Access is denied. (0x5)
[0627/101245.090:ERROR:process_reader_win.cc(151)] SuspendThread: Access is denied. (0x5)
[0627/101245.090:ERROR:process_reader_win.cc(151)] SuspendThread: Access is denied. (0x5)
[0627/101245.090:ERROR:process_reader_win.cc(151)] SuspendThread: Access is denied. (0x5)
[0627/101245.090:ERROR:process_reader_win.cc(123)] NtOpenThread: {Access Denied} A process has requested access to an object, but has not been granted those access rights. (0xc0000022)
[0627/101245.090:ERROR:exception_snapshot_win.cc(98)] thread ID 18692 not found in process
[0627/101245.098:ERROR:process_reader_win.cc(151)] SuspendThread: Access is denied. (0x5)
[0627/101245.098:ERROR:process_reader_win.cc(151)] SuspendThread: Access is denied. (0x5)
[0627/101245.098:ERROR:process_reader_win.cc(151)] SuspendThread: Access is denied. (0x5)
[0627/101245.098:ERROR:process_reader_win.cc(151)] SuspendThread: Access is denied. (0x5)
[0627/101245.098:ERROR:process_reader_win.cc(151)] SuspendThread: Access is denied. (0x5)
[0627/101245.098:ERROR:process_reader_win.cc(151)] SuspendThread: Access is denied. (0x5)
[0627/101245.098:ERROR:process_reader_win.cc(151)] SuspendThread: Access is denied. (0x5)
[0627/101245.098:ERROR:process_reader_win.cc(151)] SuspendThread: Access is denied. (0x5)
[0627/101245.098:ERROR:process_reader_win.cc(151)] SuspendThread: Access is denied. (0x5)
[0627/101245.098:ERROR:process_reader_win.cc(151)] SuspendThread: Access is denied. (0x5)
[0627/101245.098:ERROR:process_reader_win.cc(151)] SuspendThread: Access is denied. (0x5)
[0627/101245.098:ERROR:process_reader_win.cc(151)] SuspendThread: Access is denied. (0x5)
[0627/101245.098:ERROR:process_reader_win.cc(151)] SuspendThread: Access is denied. (0x5)
[0627/101245.098:ERROR:process_reader_win.cc(151)] SuspendThread: Access is denied. (0x5)
[0627/101245.098:ERROR:process_reader_win.cc(123)] NtOpenThread: {Access Denied} A process has requested access to an object, but has not been granted those access rights. (0xc0000022)
[0627/101245.098:ERROR:exception_snapshot_win.cc(98)] thread ID 8404 not found in process
[0627/101245.114:ERROR:process_reader_win.cc(151)] SuspendThread: Access is denied. (0x5)
[0627/101245.114:ERROR:process_reader_win.cc(151)] SuspendThread: Access is denied. (0x5)
[0627/101245.114:ERROR:process_reader_win.cc(151)] SuspendThread: Access is denied. (0x5)
[0627/101245.114:ERROR:process_reader_win.cc(151)] SuspendThread: Access is denied. (0x5)
[0627/101245.114:ERROR:process_reader_win.cc(151)] SuspendThread: Access is denied. (0x5)
[0627/101245.114:ERROR:process_reader_win.cc(151)] SuspendThread: Access is denied. (0x5)
[0627/101245.114:ERROR:process_reader_win.cc(151)] SuspendThread: Access is denied. (0x5)
[0627/101245.114:ERROR:process_reader_win.cc(151)] SuspendThread: Access is denied. (0x5)
[0627/101245.114:ERROR:process_reader_win.cc(151)] SuspendThread: Access is denied. (0x5)
[0627/101245.114:ERROR:process_reader_win.cc(151)] SuspendThread: Access is denied. (0x5)
[0627/101245.114:ERROR:process_reader_win.cc(151)] SuspendThread: Access is denied. (0x5)
[0627/101245.114:ERROR:process_reader_win.cc(151)] SuspendThread: Access is denied. (0x5)
[0627/101245.114:ERROR:process_reader_win.cc(151)] SuspendThread: Access is denied. (0x5)
[0627/101245.114:ERROR:process_reader_win.cc(151)] SuspendThread: Access is denied. (0x5)
[0627/101245.114:ERROR:process_reader_win.cc(151)] SuspendThread: Access is denied. (0x5)
[0627/101245.114:ERROR:process_reader_win.cc(151)] SuspendThread: Access is denied. (0x5)
[0627/101245.114:ERROR:process_reader_win.cc(123)] NtOpenThread: {Access Denied} A process has requested access to an object, but has not been granted those access rights. (0xc0000022)
[0627/101245.114:ERROR:exception_snapshot_win.cc(98)] thread ID 10392 not found in process
[0627/101245.122:ERROR:process_reader_win.cc(151)] SuspendThread: Access is denied. (0x5)
[0627/101245.122:ERROR:process_reader_win.cc(151)] SuspendThread: Access is denied. (0x5)
[0627/101245.122:ERROR:process_reader_win.cc(151)] SuspendThread: Access is denied. (0x5)
[0627/101245.122:ERROR:process_reader_win.cc(151)] SuspendThread: Access is denied. (0x5)
[0627/101245.122:ERROR:process_reader_win.cc(151)] SuspendThread: Access is denied. (0x5)
[0627/101245.122:ERROR:process_reader_win.cc(151)] SuspendThread: Access is denied. (0x5)
[0627/101245.122:ERROR:process_reader_win.cc(151)] SuspendThread: Access is denied. (0x5)
[0627/101245.122:ERROR:process_reader_win.cc(151)] SuspendThread: Access is denied. (0x5)
[0627/101245.122:ERROR:process_reader_win.cc(151)] SuspendThread: Access is denied. (0x5)
[0627/101245.122:ERROR:process_reader_win.cc(151)] SuspendThread: Access is denied. (0x5)
[0627/101245.122:ERROR:process_reader_win.cc(151)] SuspendThread: Access is denied. (0x5)
[0627/101245.122:ERROR:process_reader_win.cc(151)] SuspendThread: Access is denied. (0x5)
[0627/101245.122:ERROR:process_reader_win.cc(151)] SuspendThread: Access is denied. (0x5)
[0627/101245.122:ERROR:process_reader_win.cc(151)] SuspendThread: Access is denied. (0x5)
[0627/101245.122:ERROR:process_reader_win.cc(151)] SuspendThread: Access is denied. (0x5)
[0627/101245.122:ERROR:process_reader_win.cc(151)] SuspendThread: Access is denied. (0x5)
[0627/101245.122:ERROR:process_reader_win.cc(151)] SuspendThread: Access is denied. (0x5)
[0627/101245.122:ERROR:process_reader_win.cc(123)] NtOpenThread: {Access Denied} A process has requested access to an object, but has not been granted those access rights. (0xc0000022)
[0627/101245.122:ERROR:exception_snapshot_win.cc(98)] thread ID 16080 not found in process
[0627/101245.122:ERROR:process_reader_win.cc(151)] SuspendThread: Access is denied. (0x5)
[0627/101245.122:ERROR:process_reader_win.cc(151)] SuspendThread: Access is denied. (0x5)
[0627/101245.122:ERROR:process_reader_win.cc(123)] NtOpenThread: {Access Denied} A process has requested access to an object, but has not been granted those access rights. (0xc0000022)
[0627/101245.122:ERROR:exception_snapshot_win.cc(98)] thread ID 20020 not found in process
[0627/101245.130:ERROR:process_reader_win.cc(151)] SuspendThread: Access is denied. (0x5)
[0627/101245.130:ERROR:process_reader_win.cc(151)] SuspendThread: Access is denied. (0x5)
[0627/101245.130:ERROR:process_reader_win.cc(151)] SuspendThread: Access is denied. (0x5)
[0627/101245.130:ERROR:process_reader_win.cc(151)] SuspendThread: Access is denied. (0x5)
[0627/101245.130:ERROR:process_reader_win.cc(151)] SuspendThread: Access is denied. (0x5)
[0627/101245.130:ERROR:process_reader_win.cc(151)] SuspendThread: Access is denied. (0x5)
[0627/101245.130:ERROR:process_reader_win.cc(151)] SuspendThread: Access is denied. (0x5)
[0627/101245.130:ERROR:process_reader_win.cc(151)] SuspendThread: Access is denied. (0x5)
[0627/101245.130:ERROR:process_reader_win.cc(151)] SuspendThread: Access is denied. (0x5)
[0627/101245.130:ERROR:process_reader_win.cc(151)] SuspendThread: Access is denied. (0x5)
[0627/101245.130:ERROR:process_reader_win.cc(151)] SuspendThread: Access is denied. (0x5)
[0627/101245.138:ERROR:process_reader_win.cc(151)] SuspendThread: Access is denied. (0x5)
[0627/101245.138:ERROR:process_reader_win.cc(151)] SuspendThread: Access is denied. (0x5)
[0627/101245.138:ERROR:process_reader_win.cc(151)] SuspendThread: Access is denied. (0x5)
[0627/101245.138:ERROR:process_reader_win.cc(151)] SuspendThread: Access is denied. (0x5)
[0627/101245.138:ERROR:process_reader_win.cc(123)] NtOpenThread: {Access Denied} A process has requested access to an object, but has not been granted those access rights. (0xc0000022)
[0627/101245.138:ERROR:exception_snapshot_win.cc(98)] thread ID 1448 not found in process
[0627/101245.186:ERROR:process_reader_win.cc(151)] SuspendThread: Access is denied. (0x5)
[0627/101245.186:ERROR:process_reader_win.cc(151)] SuspendThread: Access is denied. (0x5)
[0627/101245.186:ERROR:process_reader_win.cc(151)] SuspendThread: Access is denied. (0x5)
[0627/101245.186:ERROR:process_reader_win.cc(151)] SuspendThread: Access is denied. (0x5)
[0627/101245.186:ERROR:process_reader_win.cc(151)] SuspendThread: Access is denied. (0x5)
[0627/101245.186:ERROR:process_reader_win.cc(151)] SuspendThread: Access is denied. (0x5)
[0627/101245.186:ERROR:process_reader_win.cc(151)] SuspendThread: Access is denied. (0x5)
[0627/101245.186:ERROR:process_reader_win.cc(151)] SuspendThread: Access is denied. (0x5)
[0627/101245.186:ERROR:process_reader_win.cc(151)] SuspendThread: Access is denied. (0x5)
[0627/101245.186:ERROR:process_reader_win.cc(151)] SuspendThread: Access is denied. (0x5)
[0627/101245.186:ERROR:process_reader_win.cc(151)] SuspendThread: Access is denied. (0x5)
[0627/101245.186:ERROR:process_reader_win.cc(151)] SuspendThread: Access is denied. (0x5)
[0627/101245.186:ERROR:process_reader_win.cc(123)] NtOpenThread: {Access Denied} A process has requested access to an object, but has not been granted those access rights. (0xc0000022)
[0627/101245.186:ERROR:exception_snapshot_win.cc(98)] thread ID 3680 not found in process
[0627/101245.194:ERROR:process_reader_win.cc(151)] SuspendThread: Access is denied. (0x5)
[0627/101245.194:ERROR:process_reader_win.cc(151)] SuspendThread: Access is denied. (0x5)
[0627/101245.194:ERROR:process_reader_win.cc(151)] SuspendThread: Access is denied. (0x5)
[0627/101245.194:ERROR:process_reader_win.cc(151)] SuspendThread: Access is denied. (0x5)
[0627/101245.194:ERROR:process_reader_win.cc(151)] SuspendThread: Access is denied. (0x5)
[0627/101245.194:ERROR:process_reader_win.cc(151)] SuspendThread: Access is denied. (0x5)
[0627/101245.194:ERROR:process_reader_win.cc(151)] SuspendThread: Access is denied. (0x5)
[0627/101245.194:ERROR:process_reader_win.cc(151)] SuspendThread: Access is denied. (0x5)
[0627/101245.194:ERROR:process_reader_win.cc(151)] SuspendThread: Access is denied. (0x5)
[0627/101245.194:ERROR:process_reader_win.cc(151)] SuspendThread: Access is denied. (0x5)
[0627/101245.194:ERROR:process_reader_win.cc(151)] SuspendThread: Access is denied. (0x5)
[0627/101245.194:ERROR:process_reader_win.cc(151)] SuspendThread: Access is denied. (0x5)
[0627/101245.194:ERROR:process_reader_win.cc(151)] SuspendThread: Access is denied. (0x5)
[0627/101245.194:ERROR:process_reader_win.cc(151)] SuspendThread: Access is denied. (0x5)
[0627/101245.194:ERROR:process_reader_win.cc(123)] NtOpenThread: {Access Denied} A process has requested access to an object, but has not been granted those access rights. (0xc0000022)
[0627/101245.194:ERROR:exception_snapshot_win.cc(98)] thread ID 18996 not found in process
[0627/101245.194:ERROR:process_reader_win.cc(151)] SuspendThread: Access is denied. (0x5)
[0627/101245.194:ERROR:process_reader_win.cc(151)] SuspendThread: Access is denied. (0x5)
[0627/101245.194:ERROR:process_reader_win.cc(151)] SuspendThread: Access is denied. (0x5)
[0627/101245.194:ERROR:process_reader_win.cc(151)] SuspendThread: Access is denied. (0x5)
[0627/101245.194:ERROR:process_reader_win.cc(151)] SuspendThread: Access is denied. (0x5)
[0627/101245.194:ERROR:process_reader_win.cc(151)] SuspendThread: Access is denied. (0x5)
[0627/101245.194:ERROR:process_reader_win.cc(151)] SuspendThread: Access is denied. (0x5)
[0627/101245.194:ERROR:process_reader_win.cc(151)] SuspendThread: Access is denied. (0x5)
[0627/101245.194:ERROR:process_reader_win.cc(151)] SuspendThread: Access is denied. (0x5)
[0627/101245.194:ERROR:process_reader_win.cc(151)] SuspendThread: Access is denied. (0x5)
[0627/101245.194:ERROR:process_reader_win.cc(151)] SuspendThread: Access is denied. (0x5)
[0627/101245.194:ERROR:process_reader_win.cc(151)] SuspendThread: Access is denied. (0x5)
[0627/101245.194:ERROR:process_reader_win.cc(151)] SuspendThread: Access is denied. (0x5)
[0627/101245.194:ERROR:process_reader_win.cc(151)] SuspendThread: Access is denied. (0x5)
[0627/101245.194:ERROR:process_reader_win.cc(151)] SuspendThread: Access is denied. (0x5)
[0627/101245.194:ERROR:process_reader_win.cc(123)] NtOpenThread: {Access Denied} A process has requested access to an object, but has not been granted those access rights. (0xc0000022)
[0627/101245.194:ERROR:exception_snapshot_win.cc(98)] thread ID 19848 not found in process
[0627/101245.194:ERROR:process_reader_win.cc(151)] SuspendThread: Access is denied. (0x5)
[0627/101245.194:ERROR:process_reader_win.cc(151)] SuspendThread: Access is denied. (0x5)
[0627/101245.194:ERROR:process_reader_win.cc(151)] SuspendThread: Access is denied. (0x5)
[0627/101245.194:ERROR:process_reader_win.cc(151)] SuspendThread: Access is denied. (0x5)
[0627/101245.194:ERROR:process_reader_win.cc(151)] SuspendThread: Access is denied. (0x5)
[0627/101245.194:ERROR:process_reader_win.cc(151)] SuspendThread: Access is denied. (0x5)
[0627/101245.194:ERROR:process_reader_win.cc(151)] SuspendThread: Access is denied. (0x5)
[0627/101245.194:ERROR:process_reader_win.cc(151)] SuspendThread: Access is denied. (0x5)
[0627/101245.194:ERROR:process_reader_win.cc(151)] SuspendThread: Access is denied. (0x5)
[0627/101245.194:ERROR:process_reader_win.cc(151)] SuspendThread: Access is denied. (0x5)
[0627/101245.194:ERROR:process_reader_win.cc(151)] SuspendThread: Access is denied. (0x5)
[0627/101245.194:ERROR:process_reader_win.cc(151)] SuspendThread: Access is denied. (0x5)
[0627/101245.194:ERROR:process_reader_win.cc(151)] SuspendThread: Access is denied. (0x5)
[0627/101245.194:ERROR:process_reader_win.cc(151)] SuspendThread: Access is denied. (0x5)
[0627/101245.194:ERROR:process_reader_win.cc(123)] NtOpenThread: {Access Denied} A process has requested access to an object, but has not been granted those access rights. (0xc0000022)
[0627/101245.194:ERROR:exception_snapshot_win.cc(98)] thread ID 5276 not found in process
[0627/101245.218:ERROR:process_reader_win.cc(151)] SuspendThread: Access is denied. (0x5)
[0627/101245.218:ERROR:process_reader_win.cc(151)] SuspendThread: Access is denied. (0x5)
[0627/101245.218:ERROR:process_reader_win.cc(151)] SuspendThread: Access is denied. (0x5)
[0627/101245.218:ERROR:process_reader_win.cc(151)] SuspendThread: Access is denied. (0x5)
[0627/101245.218:ERROR:process_reader_win.cc(151)] SuspendThread: Access is denied. (0x5)
[0627/101245.218:ERROR:process_reader_win.cc(151)] SuspendThread: Access is denied. (0x5)
[0627/101245.218:ERROR:process_reader_win.cc(151)] SuspendThread: Access is denied. (0x5)
[0627/101245.218:ERROR:process_reader_win.cc(151)] SuspendThread: Access is denied. (0x5)
[0627/101245.218:ERROR:process_reader_win.cc(151)] SuspendThread: Access is denied. (0x5)
[0627/101245.218:ERROR:process_reader_win.cc(151)] SuspendThread: Access is denied. (0x5)
[0627/101245.218:ERROR:process_reader_win.cc(123)] NtOpenThread: {Access Denied} A process has requested access to an object, but has not been granted those access rights. (0xc0000022)
[0627/101245.218:ERROR:exception_snapshot_win.cc(98)] thread ID 6216 not found in process
[0627/101245.226:ERROR:process_reader_win.cc(151)] SuspendThread: Access is denied. (0x5)
[0627/101245.226:ERROR:process_reader_win.cc(151)] SuspendThread: Access is denied. (0x5)
[0627/101245.226:ERROR:process_reader_win.cc(151)] SuspendThread: Access is denied. (0x5)
[0627/101245.226:ERROR:process_reader_win.cc(151)] SuspendThread: Access is denied. (0x5)
[0627/101245.226:ERROR:process_reader_win.cc(151)] SuspendThread: Access is denied. (0x5)
[0627/101245.226:ERROR:process_reader_win.cc(151)] SuspendThread: Access is denied. (0x5)
[0627/101245.226:ERROR:process_reader_win.cc(151)] SuspendThread: Access is denied. (0x5)
[0627/101245.226:ERROR:process_reader_win.cc(151)] SuspendThread: Access is denied. (0x5)
[0627/101245.226:ERROR:process_reader_win.cc(151)] SuspendThread: Access is denied. (0x5)
[0627/101245.226:ERROR:process_reader_win.cc(151)] SuspendThread: Access is denied. (0x5)
[0627/101245.226:ERROR:process_reader_win.cc(151)] SuspendThread: Access is denied. (0x5)
[0627/101245.226:ERROR:process_reader_win.cc(151)] SuspendThread: Access is denied. (0x5)
[0627/101245.226:ERROR:process_reader_win.cc(151)] SuspendThread: Access is denied. (0x5)
[0627/101245.226:ERROR:process_reader_win.cc(123)] NtOpenThread: {Access Denied} A process has requested access to an object, but has not been granted those access rights. (0xc0000022)
[0627/101245.226:ERROR:exception_snapshot_win.cc(98)] thread ID 13148 not found in process
[0627/101245.482:ERROR:process_info.cc(329)] VirtualQueryEx: Access is denied. (0x5)
[0627/101245.482:ERROR:process_info.cc(556)] ReadMemoryInfo failed
[0627/101245.482:ERROR:scoped_process_suspend.cc(40)] NtResumeProcess: An attempt was made to access an exiting process. (0xc000010a)
